# JRE version: OpenJDK Runtime Environment (8.0_242-b01) (build 1.8.0_242-release-1644-b01)
# Java VM: OpenJDK 64-Bit Server VM (25.242-b01 mixed mode windows-amd64 compressed oops)
Heap:
 PSYoungGen      total 202240K, used 41229K [0x00000000d5580000, 0x00000000e6080000, 0x0000000100000000)
  eden space 181760K, 22% used [0x00000000d5580000,0x00000000d7dc34a0,0x00000000e0700000)
  from space 20480K, 0% used [0x00000000e4c80000,0x00000000e4c80000,0x00000000e6080000)
  to   space 13312K, 0% used [0x00000000e0700000,0x00000000e0700000,0x00000000e1400000)
 ParOldGen       total 70656K, used 30192K [0x0000000080000000, 0x0000000084500000, 0x00000000d5580000)
  object space 70656K, 42% used [0x0000000080000000,0x0000000081d7c148,0x0000000084500000)
 Metaspace       used 59400K, capacity 61758K, committed 61976K, reserved 1101824K
  class space    used 8211K, capacity 8708K, committed 8744K, reserved 1048576K
GC Heap History (10 events):
Event: 9.208 GC heap before
{Heap before GC invocations=11 (full 2):
 PSYoungGen      total 138752K, used 10886K [0x00000000d5580000, 0x00000000e2380000, 0x0000000100000000)
  eden space 126976K, 0% used [0x00000000d5580000,0x00000000d5580000,0x00000000dd180000)
  from space 11776K, 92% used [0x00000000dd180000,0x00000000ddc21b30,0x00000000ddd00000)
  to   space 12800K, 0% used [0x00000000e1700000,0x00000000e1700000,0x00000000e2380000)
 ParOldGen       total 47616K, used 6712K [0x0000000080000000, 0x0000000082e80000, 0x00000000d5580000)
  object space 47616K, 14% used [0x0000000080000000,0x000000008068e2b8,0x0000000082e80000)
 Metaspace       used 34250K, capacity 35340K, committed 35496K, reserved 1079296K
  class space    used 4679K, capacity 4937K, committed 5032K, reserved 1048576K
Event: 9.306 GC heap after
Heap after GC invocations=11 (full 2):
 PSYoungGen      total 138752K, used 0K [0x00000000d5580000, 0x00000000e2380000, 0x0000000100000000)
  eden space 126976K, 0% used [0x00000000d5580000,0x00000000d5580000,0x00000000dd180000)
  from space 11776K, 0% used [0x00000000dd180000,0x00000000dd180000,0x00000000ddd00000)
  to   space 12800K, 0% used [0x00000000e1700000,0x00000000e1700000,0x00000000e2380000)
 ParOldGen       total 70656K, used 17085K [0x0000000080000000, 0x0000000084500000, 0x00000000d5580000)
  object space 70656K, 24% used [0x0000000080000000,0x00000000810af5e0,0x0000000084500000)
 Metaspace       used 34250K, capacity 35340K, committed 35496K, reserved 1079296K
  class space    used 4679K, capacity 4937K, committed 5032K, reserved 1048576K
}
Event: 11.291 GC heap before
{Heap before GC invocations=12 (full 2):
 PSYoungGen      total 138752K, used 126976K [0x00000000d5580000, 0x00000000e2380000, 0x0000000100000000)
  eden space 126976K, 100% used [0x00000000d5580000,0x00000000dd180000,0x00000000dd180000)
  from space 11776K, 0% used [0x00000000dd180000,0x00000000dd180000,0x00000000ddd00000)
  to   space 12800K, 0% used [0x00000000e1700000,0x00000000e1700000,0x00000000e2380000)
 ParOldGen       total 70656K, used 17085K [0x0000000080000000, 0x0000000084500000, 0x00000000d5580000)
  object space 70656K, 24% used [0x0000000080000000,0x00000000810af5e0,0x0000000084500000)
 Metaspace       used 39425K, capacity 41166K, committed 41384K, reserved 1085440K
  class space    used 5412K, capacity 5743K, committed 5800K, reserved 1048576K
Event: 11.306 GC heap after
Heap after GC invocations=12 (full 2):
 PSYoungGen      total 183808K, used 10115K [0x00000000d5580000, 0x00000000e2100000, 0x0000000100000000)
  eden space 173568K, 0% used [0x00000000d5580000,0x00000000d5580000,0x00000000dff00000)
  from space 10240K, 98% used [0x00000000e1700000,0x00000000e20e0ef8,0x00000000e2100000)
  to   space 13312K, 0% used [0x00000000e0700000,0x00000000e0700000,0x00000000e1400000)
 ParOldGen       total 70656K, used 17093K [0x0000000080000000, 0x0000000084500000, 0x00000000d5580000)
  object space 70656K, 24% used [0x0000000080000000,0x00000000810b15e0,0x0000000084500000)
 Metaspace       used 39425K, capacity 41166K, committed 41384K, reserved 1085440K
  class space    used 5412K, capacity 5743K, committed 5800K, reserved 1048576K
}
Event: 15.598 GC heap before
{Heap before GC invocations=13 (full 2):
 PSYoungGen      total 183808K, used 183683K [0x00000000d5580000, 0x00000000e2100000, 0x0000000100000000)
  eden space 173568K, 100% used [0x00000000d5580000,0x00000000dff00000,0x00000000dff00000)
  from space 10240K, 98% used [0x00000000e1700000,0x00000000e20e0ef8,0x00000000e2100000)
  to   space 13312K, 0% used [0x00000000e0700000,0x00000000e0700000,0x00000000e1400000)
 ParOldGen       total 70656K, used 17093K [0x0000000080000000, 0x0000000084500000, 0x00000000d5580000)
  object space 70656K, 24% used [0x0000000080000000,0x00000000810b15e0,0x0000000084500000)
 Metaspace       used 55603K, capacity 57860K, committed 58024K, reserved 1099776K
  class space    used 7550K, capacity 8009K, committed 8104K, reserved 1048576K
Event: 15.639 GC heap after
Heap after GC invocations=13 (full 2):
 PSYoungGen      total 195072K, used 13288K [0x00000000d5580000, 0x00000000e6080000, 0x0000000100000000)
  eden space 181760K, 0% used [0x00000000d5580000,0x00000000d5580000,0x00000000e0700000)
  from space 13312K, 99% used [0x00000000e0700000,0x00000000e13fa088,0x00000000e1400000)
  to   space 20480K, 0% used [0x00000000e4c80000,0x00000000e4c80000,0x00000000e6080000)
 ParOldGen       total 70656K, used 31100K [0x0000000080000000, 0x0000000084500000, 0x00000000d5580000)
  object space 70656K, 44% used [0x0000000080000000,0x0000000081e5f3b0,0x0000000084500000)
 Metaspace       used 55603K, capacity 57860K, committed 58024K, reserved 1099776K
  class space    used 7550K, capacity 8009K, committed 8104K, reserved 1048576K
}
Event: 16.099 GC heap before
{Heap before GC invocations=14 (full 2):
 PSYoungGen      total 195072K, used 32179K [0x00000000d5580000, 0x00000000e6080000, 0x0000000100000000)
  eden space 181760K, 10% used [0x00000000d5580000,0x00000000d67f2c28,0x00000000e0700000)
  from space 13312K, 99% used [0x00000000e0700000,0x00000000e13fa088,0x00000000e1400000)
  to   space 20480K, 0% used [0x00000000e4c80000,0x00000000e4c80000,0x00000000e6080000)
 ParOldGen       total 70656K, used 31100K [0x0000000080000000, 0x0000000084500000, 0x00000000d5580000)
  object space 70656K, 44% used [0x0000000080000000,0x0000000081e5f3b0,0x0000000084500000)
 Metaspace       used 56760K, capacity 59094K, committed 59160K, reserved 1099776K
  class space    used 7750K, capacity 8228K, committed 8232K, reserved 1048576K
Event: 16.121 GC heap after
Heap after GC invocations=14 (full 2):
 PSYoungGen      total 202240K, used 1728K [0x00000000d5580000, 0x00000000e6080000, 0x0000000100000000)
  eden space 181760K, 0% used [0x00000000d5580000,0x00000000d5580000,0x00000000e0700000)
  from space 20480K, 8% used [0x00000000e4c80000,0x00000000e4e30000,0x00000000e6080000)
  to   space 13312K, 0% used [0x00000000e0700000,0x00000000e0700000,0x00000000e1400000)
 ParOldGen       total 70656K, used 41979K [0x0000000080000000, 0x0000000084500000, 0x00000000d5580000)
  object space 70656K, 59% used [0x0000000080000000,0x00000000828fef48,0x0000000084500000)
 Metaspace       used 56760K, capacity 59094K, committed 59160K, reserved 1099776K
  class space    used 7750K, capacity 8228K, committed 8232K, reserved 1048576K
}
Event: 16.121 GC heap before
{Heap before GC invocations=15 (full 3):
 PSYoungGen      total 202240K, used 1728K [0x00000000d5580000, 0x00000000e6080000, 0x0000000100000000)
  eden space 181760K, 0% used [0x00000000d5580000,0x00000000d5580000,0x00000000e0700000)
  from space 20480K, 8% used [0x00000000e4c80000,0x00000000e4e30000,0x00000000e6080000)
  to   space 13312K, 0% used [0x00000000e0700000,0x00000000e0700000,0x00000000e1400000)
 ParOldGen       total 70656K, used 41979K [0x0000000080000000, 0x0000000084500000, 0x00000000d5580000)
  object space 70656K, 59% used [0x0000000080000000,0x00000000828fef48,0x0000000084500000)
 Metaspace       used 56760K, capacity 59094K, committed 59160K, reserved 1099776K
  class space    used 7750K, capacity 8228K, committed 8232K, reserved 1048576K
Event: 16.445 GC heap after
Heap after GC invocations=15 (full 3):
 PSYoungGen      total 202240K, used 0K [0x00000000d5580000, 0x00000000e6080000, 0x0000000100000000)
  eden space 181760K, 0% used [0x00000000d5580000,0x00000000d5580000,0x00000000e0700000)
  from space 20480K, 0% used [0x00000000e4c80000,0x00000000e4c80000,0x00000000e6080000)
  to   space 13312K, 0% used [0x00000000e0700000,0x00000000e0700000,0x00000000e1400000)
 ParOldGen       total 70656K, used 30192K [0x0000000080000000, 0x0000000084500000, 0x00000000d5580000)
  object space 70656K, 42% used [0x0000000080000000,0x0000000081d7c148,0x0000000084500000)
 Metaspace       used 56749K, capacity 59058K, committed 59160K, reserved 1099776K
  class space    used 7747K, capacity 8222K, committed 8232K, reserved 1048576K
}

