# JRE version: OpenJDK Runtime Environment (8.0_242-b01) (build 1.8.0_242-release-1644-b01)
# Java VM: OpenJDK 64-Bit Server VM (25.242-b01 mixed mode windows-amd64 compressed oops)
Heap:
 PSYoungGen      total 196096K, used 136593K [0x00000000d5580000, 0x00000000e5b00000, 0x0000000100000000)
  eden space 180736K, 67% used [0x00000000d5580000,0x00000000dcbea3e0,0x00000000e0600000)
  from space 15360K, 99% used [0x00000000e0600000,0x00000000e14fa300,0x00000000e1500000)
  to   space 19456K, 0% used [0x00000000e4800000,0x00000000e4800000,0x00000000e5b00000)
 ParOldGen       total 119808K, used 35761K [0x0000000080000000, 0x0000000087500000, 0x00000000d5580000)
  object space 119808K, 29% used [0x0000000080000000,0x00000000822ec5c8,0x0000000087500000)
 Metaspace       used 70547K, capacity 73794K, committed 74072K, reserved 1114112K
  class space    used 9472K, capacity 10067K, committed 10112K, reserved 1048576K
GC Heap History (10 events):
Event: 6.474 GC heap before
{Heap before GC invocations=12 (full 2):
 PSYoungGen      total 119296K, used 107520K [0x00000000d5580000, 0x00000000e0380000, 0x0000000100000000)
  eden space 107520K, 100% used [0x00000000d5580000,0x00000000dbe80000,0x00000000dbe80000)
  from space 11776K, 0% used [0x00000000dbe80000,0x00000000dbe80000,0x00000000dca00000)
  to   space 11264K, 0% used [0x00000000df880000,0x00000000df880000,0x00000000e0380000)
 ParOldGen       total 81408K, used 14250K [0x0000000080000000, 0x0000000084f80000, 0x00000000d5580000)
  object space 81408K, 17% used [0x0000000080000000,0x0000000080deaa98,0x0000000084f80000)
 Metaspace       used 40365K, capacity 41968K, committed 42200K, reserved 1085440K
  class space    used 5424K, capacity 5770K, committed 5888K, reserved 1048576K
Event: 6.490 GC heap after
Heap after GC invocations=12 (full 2):
 PSYoungGen      total 154112K, used 11246K [0x00000000d5580000, 0x00000000e0380000, 0x0000000100000000)
  eden space 142848K, 0% used [0x00000000d5580000,0x00000000d5580000,0x00000000de100000)
  from space 11264K, 99% used [0x00000000df880000,0x00000000e037bad8,0x00000000e0380000)
  to   space 12800K, 0% used [0x00000000dea80000,0x00000000dea80000,0x00000000df700000)
 ParOldGen       total 81408K, used 14614K [0x0000000080000000, 0x0000000084f80000, 0x00000000d5580000)
  object space 81408K, 17% used [0x0000000080000000,0x0000000080e45988,0x0000000084f80000)
 Metaspace       used 40365K, capacity 41968K, committed 42200K, reserved 1085440K
  class space    used 5424K, capacity 5770K, committed 5888K, reserved 1048576K
}
Event: 6192.314 GC heap before
{Heap before GC invocations=13 (full 2):
 PSYoungGen      total 154112K, used 154094K [0x00000000d5580000, 0x00000000e0380000, 0x0000000100000000)
  eden space 142848K, 100% used [0x00000000d5580000,0x00000000de100000,0x00000000de100000)
  from space 11264K, 99% used [0x00000000df880000,0x00000000e037bad8,0x00000000e0380000)
  to   space 12800K, 0% used [0x00000000dea80000,0x00000000dea80000,0x00000000df700000)
 ParOldGen       total 81408K, used 14614K [0x0000000080000000, 0x0000000084f80000, 0x00000000d5580000)
  object space 81408K, 17% used [0x0000000080000000,0x0000000080e45988,0x0000000084f80000)
 Metaspace       used 45681K, capacity 47940K, committed 48088K, reserved 1091584K
  class space    used 6104K, capacity 6570K, committed 6656K, reserved 1048576K
Event: 6192.409 GC heap after
Heap after GC invocations=13 (full 2):
 PSYoungGen      total 165376K, used 7838K [0x00000000d5580000, 0x00000000e2100000, 0x0000000100000000)
  eden space 152576K, 0% used [0x00000000d5580000,0x00000000d5580000,0x00000000dea80000)
  from space 12800K, 61% used [0x00000000dea80000,0x00000000df227a00,0x00000000df700000)
  to   space 12288K, 0% used [0x00000000e1500000,0x00000000e1500000,0x00000000e2100000)
 ParOldGen       total 81408K, used 21246K [0x0000000080000000, 0x0000000084f80000, 0x00000000d5580000)
  object space 81408K, 26% used [0x0000000080000000,0x00000000814bf898,0x0000000084f80000)
 Metaspace       used 45681K, capacity 47940K, committed 48088K, reserved 1091584K
  class space    used 6104K, capacity 6570K, committed 6656K, reserved 1048576K
}
Event: 6762.761 GC heap before
{Heap before GC invocations=14 (full 2):
 PSYoungGen      total 165376K, used 155178K [0x00000000d5580000, 0x00000000e2100000, 0x0000000100000000)
  eden space 152576K, 96% used [0x00000000d5580000,0x00000000de563138,0x00000000dea80000)
  from space 12800K, 61% used [0x00000000dea80000,0x00000000df227a00,0x00000000df700000)
  to   space 12288K, 0% used [0x00000000e1500000,0x00000000e1500000,0x00000000e2100000)
 ParOldGen       total 81408K, used 21246K [0x0000000080000000, 0x0000000084f80000, 0x00000000d5580000)
  object space 81408K, 26% used [0x0000000080000000,0x00000000814bf898,0x0000000084f80000)
 Metaspace       used 56257K, capacity 58856K, committed 58968K, reserved 1099776K
  class space    used 7349K, capacity 7789K, committed 7808K, reserved 1048576K
Event: 6762.778 GC heap after
Heap after GC invocations=14 (full 2):
 PSYoungGen      total 193024K, used 12284K [0x00000000d5580000, 0x00000000e2c80000, 0x0000000100000000)
  eden space 180736K, 0% used [0x00000000d5580000,0x00000000d5580000,0x00000000e0600000)
  from space 12288K, 99% used [0x00000000e1500000,0x00000000e20ff3b0,0x00000000e2100000)
  to   space 15360K, 0% used [0x00000000e0600000,0x00000000e0600000,0x00000000e1500000)
 ParOldGen       total 81408K, used 25768K [0x0000000080000000, 0x0000000084f80000, 0x00000000d5580000)
  object space 81408K, 31% used [0x0000000080000000,0x000000008192a3e8,0x0000000084f80000)
 Metaspace       used 56257K, capacity 58856K, committed 58968K, reserved 1099776K
  class space    used 7349K, capacity 7789K, committed 7808K, reserved 1048576K
}
Event: 6762.778 GC heap before
{Heap before GC invocations=15 (full 3):
 PSYoungGen      total 193024K, used 12284K [0x00000000d5580000, 0x00000000e2c80000, 0x0000000100000000)
  eden space 180736K, 0% used [0x00000000d5580000,0x00000000d5580000,0x00000000e0600000)
  from space 12288K, 99% used [0x00000000e1500000,0x00000000e20ff3b0,0x00000000e2100000)
  to   space 15360K, 0% used [0x00000000e0600000,0x00000000e0600000,0x00000000e1500000)
 ParOldGen       total 81408K, used 25768K [0x0000000080000000, 0x0000000084f80000, 0x00000000d5580000)
  object space 81408K, 31% used [0x0000000080000000,0x000000008192a3e8,0x0000000084f80000)
 Metaspace       used 56257K, capacity 58856K, committed 58968K, reserved 1099776K
  class space    used 7349K, capacity 7789K, committed 7808K, reserved 1048576K
Event: 6763.276 GC heap after
Heap after GC invocations=15 (full 3):
 PSYoungGen      total 193024K, used 0K [0x00000000d5580000, 0x00000000e2c80000, 0x0000000100000000)
  eden space 180736K, 0% used [0x00000000d5580000,0x00000000d5580000,0x00000000e0600000)
  from space 12288K, 0% used [0x00000000e1500000,0x00000000e1500000,0x00000000e2100000)
  to   space 15360K, 0% used [0x00000000e0600000,0x00000000e0600000,0x00000000e1500000)
 ParOldGen       total 119808K, used 30533K [0x0000000080000000, 0x0000000087500000, 0x00000000d5580000)
  object space 119808K, 25% used [0x0000000080000000,0x0000000081dd1450,0x0000000087500000)
 Metaspace       used 55719K, capacity 57888K, committed 58968K, reserved 1099776K
  class space    used 7231K, capacity 7587K, committed 7808K, reserved 1048576K
}
Event: 6791.041 GC heap before
{Heap before GC invocations=16 (full 3):
 PSYoungGen      total 193024K, used 180736K [0x00000000d5580000, 0x00000000e2c80000, 0x0000000100000000)
  eden space 180736K, 100% used [0x00000000d5580000,0x00000000e0600000,0x00000000e0600000)
  from space 12288K, 0% used [0x00000000e1500000,0x00000000e1500000,0x00000000e2100000)
  to   space 15360K, 0% used [0x00000000e0600000,0x00000000e0600000,0x00000000e1500000)
 ParOldGen       total 119808K, used 30533K [0x0000000080000000, 0x0000000087500000, 0x00000000d5580000)
  object space 119808K, 25% used [0x0000000080000000,0x0000000081dd1450,0x0000000087500000)
 Metaspace       used 68263K, capacity 71284K, committed 71512K, reserved 1112064K
  class space    used 9214K, capacity 9786K, committed 9856K, reserved 1048576K
Event: 6791.092 GC heap after
Heap after GC invocations=16 (full 3):
 PSYoungGen      total 196096K, used 15336K [0x00000000d5580000, 0x00000000e5b00000, 0x0000000100000000)
  eden space 180736K, 0% used [0x00000000d5580000,0x00000000d5580000,0x00000000e0600000)
  from space 15360K, 99% used [0x00000000e0600000,0x00000000e14fa300,0x00000000e1500000)
  to   space 19456K, 0% used [0x00000000e4800000,0x00000000e4800000,0x00000000e5b00000)
 ParOldGen       total 119808K, used 35761K [0x0000000080000000, 0x0000000087500000, 0x00000000d5580000)
  object space 119808K, 29% used [0x0000000080000000,0x00000000822ec5c8,0x0000000087500000)
 Metaspace       used 68263K, capacity 71284K, committed 71512K, reserved 1112064K
  class space    used 9214K, capacity 9786K, committed 9856K, reserved 1048576K
}

