# JRE version: OpenJDK Runtime Environment (8.0_242-b01) (build 1.8.0_242-release-1644-b01)
# Java VM: OpenJDK 64-Bit Server VM (25.242-b01 mixed mode windows-amd64 compressed oops)
Heap:
 PSYoungGen      total 76800K, used 17672K [0x00000000d5580000, 0x00000000dcc00000, 0x0000000100000000)
  eden space 65536K, 12% used [0x00000000d5580000,0x00000000d5dade30,0x00000000d9580000)
  from space 11264K, 82% used [0x00000000d9580000,0x00000000d9e94248,0x00000000da080000)
  to   space 12288K, 0% used [0x00000000dc000000,0x00000000dc000000,0x00000000dcc00000)
 ParOldGen       total 49152K, used 6733K [0x0000000080000000, 0x0000000083000000, 0x00000000d5580000)
  object space 49152K, 13% used [0x0000000080000000,0x00000000806934b0,0x0000000083000000)
 Metaspace       used 33604K, capacity 34754K, committed 34864K, reserved 1079296K
  class space    used 4594K, capacity 4858K, committed 4912K, reserved 1048576K
GC Heap History (10 events):
Event: 5.923 GC heap before
{Heap before GC invocations=6 (full 0):
 PSYoungGen      total 38400K, used 38368K [0x00000000d5580000, 0x00000000daa80000, 0x0000000100000000)
  eden space 33280K, 100% used [0x00000000d5580000,0x00000000d7600000,0x00000000d7600000)
  from space 5120K, 99% used [0x00000000d7600000,0x00000000d7af8020,0x00000000d7b00000)
  to   space 10240K, 0% used [0x00000000da080000,0x00000000da080000,0x00000000daa80000)
 ParOldGen       total 87552K, used 6760K [0x0000000080000000, 0x0000000085580000, 0x00000000d5580000)
  object space 87552K, 7% used [0x0000000080000000,0x000000008069a1c0,0x0000000085580000)
 Metaspace       used 20483K, capacity 21176K, committed 21248K, reserved 1067008K
  class space    used 2859K, capacity 3044K, committed 3072K, reserved 1048576K
Event: 5.939 GC heap after
Heap after GC invocations=6 (full 0):
 PSYoungGen      total 75776K, used 8597K [0x00000000d5580000, 0x00000000dac80000, 0x0000000100000000)
  eden space 65536K, 0% used [0x00000000d5580000,0x00000000d5580000,0x00000000d9580000)
  from space 10240K, 83% used [0x00000000da080000,0x00000000da8e5738,0x00000000daa80000)
  to   space 11264K, 0% used [0x00000000d9580000,0x00000000d9580000,0x00000000da080000)
 ParOldGen       total 87552K, used 6768K [0x0000000080000000, 0x0000000085580000, 0x00000000d5580000)
  object space 87552K, 7% used [0x0000000080000000,0x000000008069c1c0,0x0000000085580000)
 Metaspace       used 20483K, capacity 21176K, committed 21248K, reserved 1067008K
  class space    used 2859K, capacity 3044K, committed 3072K, reserved 1048576K
}
Event: 5.977 GC heap before
{Heap before GC invocations=7 (full 0):
 PSYoungGen      total 75776K, used 10764K [0x00000000d5580000, 0x00000000dac80000, 0x0000000100000000)
  eden space 65536K, 3% used [0x00000000d5580000,0x00000000d579db30,0x00000000d9580000)
  from space 10240K, 83% used [0x00000000da080000,0x00000000da8e5738,0x00000000daa80000)
  to   space 11264K, 0% used [0x00000000d9580000,0x00000000d9580000,0x00000000da080000)
 ParOldGen       total 87552K, used 6768K [0x0000000080000000, 0x0000000085580000, 0x00000000d5580000)
  object space 87552K, 7% used [0x0000000080000000,0x000000008069c1c0,0x0000000085580000)
 Metaspace       used 20567K, capacity 21208K, committed 21296K, reserved 1067008K
  class space    used 2873K, capacity 3076K, committed 3120K, reserved 1048576K
Event: 5.985 GC heap after
Heap after GC invocations=7 (full 0):
 PSYoungGen      total 76800K, used 3908K [0x00000000d5580000, 0x00000000dac80000, 0x0000000100000000)
  eden space 65536K, 0% used [0x00000000d5580000,0x00000000d5580000,0x00000000d9580000)
  from space 11264K, 34% used [0x00000000d9580000,0x00000000d9951050,0x00000000da080000)
  to   space 10240K, 0% used [0x00000000da080000,0x00000000da080000,0x00000000daa80000)
 ParOldGen       total 87552K, used 8976K [0x0000000080000000, 0x0000000085580000, 0x00000000d5580000)
  object space 87552K, 10% used [0x0000000080000000,0x00000000808c4230,0x0000000085580000)
 Metaspace       used 20567K, capacity 21208K, committed 21296K, reserved 1067008K
  class space    used 2873K, capacity 3076K, committed 3120K, reserved 1048576K
}
Event: 5.985 GC heap before
{Heap before GC invocations=8 (full 1):
 PSYoungGen      total 76800K, used 3908K [0x00000000d5580000, 0x00000000dac80000, 0x0000000100000000)
  eden space 65536K, 0% used [0x00000000d5580000,0x00000000d5580000,0x00000000d9580000)
  from space 11264K, 34% used [0x00000000d9580000,0x00000000d9951050,0x00000000da080000)
  to   space 10240K, 0% used [0x00000000da080000,0x00000000da080000,0x00000000daa80000)
 ParOldGen       total 87552K, used 8976K [0x0000000080000000, 0x0000000085580000, 0x00000000d5580000)
  object space 87552K, 10% used [0x0000000080000000,0x00000000808c4230,0x0000000085580000)
 Metaspace       used 20567K, capacity 21208K, committed 21296K, reserved 1067008K
  class space    used 2873K, capacity 3076K, committed 3120K, reserved 1048576K
Event: 6.039 GC heap after
Heap after GC invocations=8 (full 1):
 PSYoungGen      total 76800K, used 0K [0x00000000d5580000, 0x00000000dac80000, 0x0000000100000000)
  eden space 65536K, 0% used [0x00000000d5580000,0x00000000d5580000,0x00000000d9580000)
  from space 11264K, 0% used [0x00000000d9580000,0x00000000d9580000,0x00000000da080000)
  to   space 10240K, 0% used [0x00000000da080000,0x00000000da080000,0x00000000daa80000)
 ParOldGen       total 49152K, used 6717K [0x0000000080000000, 0x0000000083000000, 0x00000000d5580000)
  object space 49152K, 13% used [0x0000000080000000,0x000000008068f4b0,0x0000000083000000)
 Metaspace       used 20567K, capacity 21208K, committed 21296K, reserved 1067008K
  class space    used 2873K, capacity 3076K, committed 3120K, reserved 1048576K
}
Event: 7.401 GC heap before
{Heap before GC invocations=9 (full 1):
 PSYoungGen      total 76800K, used 65536K [0x00000000d5580000, 0x00000000dac80000, 0x0000000100000000)
  eden space 65536K, 100% used [0x00000000d5580000,0x00000000d9580000,0x00000000d9580000)
  from space 11264K, 0% used [0x00000000d9580000,0x00000000d9580000,0x00000000da080000)
  to   space 10240K, 0% used [0x00000000da080000,0x00000000da080000,0x00000000daa80000)
 ParOldGen       total 49152K, used 6717K [0x0000000080000000, 0x0000000083000000, 0x00000000d5580000)
  object space 49152K, 13% used [0x0000000080000000,0x000000008068f4b0,0x0000000083000000)
 Metaspace       used 28842K, capacity 29716K, committed 29872K, reserved 1075200K
  class space    used 3985K, capacity 4220K, committed 4272K, reserved 1048576K
Event: 7.410 GC heap after
Heap after GC invocations=9 (full 1):
 PSYoungGen      total 75776K, used 8485K [0x00000000d5580000, 0x00000000dac80000, 0x0000000100000000)
  eden space 65536K, 0% used [0x00000000d5580000,0x00000000d5580000,0x00000000d9580000)
  from space 10240K, 82% used [0x00000000da080000,0x00000000da8c9540,0x00000000daa80000)
  to   space 11264K, 0% used [0x00000000d9580000,0x00000000d9580000,0x00000000da080000)
 ParOldGen       total 49152K, used 6725K [0x0000000080000000, 0x0000000083000000, 0x00000000d5580000)
  object space 49152K, 13% used [0x0000000080000000,0x00000000806914b0,0x0000000083000000)
 Metaspace       used 28842K, capacity 29716K, committed 29872K, reserved 1075200K
  class space    used 3985K, capacity 4220K, committed 4272K, reserved 1048576K
}
Event: 8.614 GC heap before
{Heap before GC invocations=10 (full 1):
 PSYoungGen      total 75776K, used 74021K [0x00000000d5580000, 0x00000000dac80000, 0x0000000100000000)
  eden space 65536K, 100% used [0x00000000d5580000,0x00000000d9580000,0x00000000d9580000)
  from space 10240K, 82% used [0x00000000da080000,0x00000000da8c9540,0x00000000daa80000)
  to   space 11264K, 0% used [0x00000000d9580000,0x00000000d9580000,0x00000000da080000)
 ParOldGen       total 49152K, used 6725K [0x0000000080000000, 0x0000000083000000, 0x00000000d5580000)
  object space 49152K, 13% used [0x0000000080000000,0x00000000806914b0,0x0000000083000000)
 Metaspace       used 33069K, capacity 34142K, committed 34352K, reserved 1079296K
  class space    used 4507K, capacity 4785K, committed 4912K, reserved 1048576K
Event: 8.630 GC heap after
Heap after GC invocations=10 (full 1):
 PSYoungGen      total 76800K, used 9296K [0x00000000d5580000, 0x00000000dcc00000, 0x0000000100000000)
  eden space 65536K, 0% used [0x00000000d5580000,0x00000000d5580000,0x00000000d9580000)
  from space 11264K, 82% used [0x00000000d9580000,0x00000000d9e94248,0x00000000da080000)
  to   space 12288K, 0% used [0x00000000dc000000,0x00000000dc000000,0x00000000dcc00000)
 ParOldGen       total 49152K, used 6733K [0x0000000080000000, 0x0000000083000000, 0x00000000d5580000)
  object space 49152K, 13% used [0x0000000080000000,0x00000000806934b0,0x0000000083000000)
 Metaspace       used 33069K, capacity 34142K, committed 34352K, reserved 1079296K
  class space    used 4507K, capacity 4785K, committed 4912K, reserved 1048576K
}

